# JRE version: OpenJDK Runtime Environment (11.0.8+10) (build 11.0.8+10-b944.6842174)
# Java VM: OpenJDK 64-Bit Server VM (11.0.8+10-b944.6842174, mixed mode, tiered, compressed oops, g1 gc, windows-amd64)
Heap:
 garbage-first heap   total 157696K, used 58291K [0x0000000081c00000, 0x0000000100000000)
  region size 1024K, 20 young (20480K), 9 survivors (9216K)
 Metaspace       used 60173K, capacity 60865K, committed 60928K, reserved 1103872K
  class space    used 6873K, capacity 7155K, committed 7168K, reserved 1048576K
GC Heap History (14 events):
Event: 0.983 GC heap before
{Heap before GC invocations=0 (full 0):
 garbage-first heap   total 131072K, used 27648K [0x0000000081c00000, 0x0000000100000000)
  region size 1024K, 24 young (24576K), 0 survivors (0K)
 Metaspace       used 12328K, capacity 12469K, committed 12800K, reserved 1060864K
  class space    used 1157K, capacity 1174K, committed 1280K, reserved 1048576K
}
Event: 0.989 GC heap after
{Heap after GC invocations=1 (full 0):
 garbage-first heap   total 131072K, used 5838K [0x0000000081c00000, 0x0000000100000000)
  region size 1024K, 3 young (3072K), 3 survivors (3072K)
 Metaspace       used 12328K, capacity 12469K, committed 12800K, reserved 1060864K
  class space    used 1157K, capacity 1174K, committed 1280K, reserved 1048576K
}
Event: 1.993 GC heap before
{Heap before GC invocations=1 (full 0):
 garbage-first heap   total 131072K, used 41678K [0x0000000081c00000, 0x0000000100000000)
  region size 1024K, 39 young (39936K), 3 survivors (3072K)
 Metaspace       used 20984K, capacity 21182K, committed 21248K, reserved 1069056K
  class space    used 2213K, capacity 2289K, committed 2304K, reserved 1048576K
}
Event: 2.013 GC heap after
{Heap after GC invocations=2 (full 0):
 garbage-first heap   total 131072K, used 9513K [0x0000000081c00000, 0x0000000100000000)
  region size 1024K, 7 young (7168K), 7 survivors (7168K)
 Metaspace       used 20984K, capacity 21182K, committed 21248K, reserved 1069056K
  class space    used 2213K, capacity 2289K, committed 2304K, reserved 1048576K
}
Event: 2.924 GC heap before
{Heap before GC invocations=3 (full 0):
 garbage-first heap   total 131072K, used 69929K [0x0000000081c00000, 0x0000000100000000)
  region size 1024K, 54 young (55296K), 7 survivors (7168K)
 Metaspace       used 30897K, capacity 31382K, committed 31488K, reserved 1077248K
  class space    used 3649K, capacity 3809K, committed 3840K, reserved 1048576K
}
Event: 2.944 GC heap after
{Heap after GC invocations=4 (full 0):
 garbage-first heap   total 131072K, used 24127K [0x0000000081c00000, 0x0000000100000000)
  region size 1024K, 7 young (7168K), 7 survivors (7168K)
 Metaspace       used 30897K, capacity 31382K, committed 31488K, reserved 1077248K
  class space    used 3649K, capacity 3809K, committed 3840K, reserved 1048576K
}
Event: 3.397 GC heap before
{Heap before GC invocations=4 (full 0):
 garbage-first heap   total 131072K, used 42559K [0x0000000081c00000, 0x0000000100000000)
  region size 1024K, 26 young (26624K), 7 survivors (7168K)
 Metaspace       used 35258K, capacity 35692K, committed 35840K, reserved 1081344K
  class space    used 4345K, capacity 4520K, committed 4608K, reserved 1048576K
}
Event: 3.406 GC heap after
{Heap after GC invocations=5 (full 0):
 garbage-first heap   total 131072K, used 25820K [0x0000000081c00000, 0x0000000100000000)
  region size 1024K, 2 young (2048K), 2 survivors (2048K)
 Metaspace       used 35258K, capacity 35692K, committed 35840K, reserved 1081344K
  class space    used 4345K, capacity 4520K, committed 4608K, reserved 1048576K
}
Event: 4.679 GC heap before
{Heap before GC invocations=6 (full 0):
 garbage-first heap   total 131072K, used 89308K [0x0000000081c00000, 0x0000000100000000)
  region size 1024K, 63 young (64512K), 2 survivors (2048K)
 Metaspace       used 46895K, capacity 47428K, committed 47488K, reserved 1091584K
  class space    used 5548K, capacity 5758K, committed 5760K, reserved 1048576K
}
Event: 4.691 GC heap after
{Heap after GC invocations=7 (full 0):
 garbage-first heap   total 157696K, used 32601K [0x0000000081c00000, 0x0000000100000000)
  region size 1024K, 8 young (8192K), 8 survivors (8192K)
 Metaspace       used 46895K, capacity 47428K, committed 47488K, reserved 1091584K
  class space    used 5548K, capacity 5758K, committed 5760K, reserved 1048576K
}
Event: 6.108 GC heap before
{Heap before GC invocations=7 (full 0):
 garbage-first heap   total 157696K, used 101209K [0x0000000081c00000, 0x0000000100000000)
  region size 1024K, 75 young (76800K), 8 survivors (8192K)
 Metaspace       used 54827K, capacity 55491K, committed 55680K, reserved 1097728K
  class space    used 6428K, capacity 6692K, committed 6784K, reserved 1048576K
}
Event: 6.132 GC heap after
{Heap after GC invocations=8 (full 0):
 garbage-first heap   total 157696K, used 39279K [0x0000000081c00000, 0x0000000100000000)
  region size 1024K, 9 young (9216K), 9 survivors (9216K)
 Metaspace       used 54827K, capacity 55491K, committed 55680K, reserved 1097728K
  class space    used 6428K, capacity 6692K, committed 6784K, reserved 1048576K
}
Event: 7.717 GC heap before
{Heap before GC invocations=8 (full 0):
 garbage-first heap   total 157696K, used 99695K [0x0000000081c00000, 0x0000000100000000)
  region size 1024K, 69 young (70656K), 9 survivors (9216K)
 Metaspace       used 59393K, capacity 60068K, committed 60160K, reserved 1101824K
  class space    used 6803K, capacity 7083K, committed 7168K, reserved 1048576K
}
Event: 7.787 GC heap after
{Heap after GC invocations=9 (full 0):
 garbage-first heap   total 157696K, used 48051K [0x0000000081c00000, 0x0000000100000000)
  region size 1024K, 9 young (9216K), 9 survivors (9216K)
 Metaspace       used 59393K, capacity 60068K, committed 60160K, reserved 1101824K
  class space    used 6803K, capacity 7083K, committed 7168K, reserved 1048576K
}

