# JRE version: OpenJDK Runtime Environment (11.0.8+10) (build 11.0.8+10-b944.6842174)
# Java VM: OpenJDK 64-Bit Server VM (11.0.8+10-b944.6842174, mixed mode, tiered, compressed oops, g1 gc, windows-amd64)
Heap:
 garbage-first heap   total 471040K, used 220032K [0x0000000080000000, 0x0000000100000000)
  region size 1024K, 2 young (2048K), 2 survivors (2048K)
 Metaspace       used 137730K, capacity 141715K, committed 142080K, reserved 1173504K
  class space    used 17161K, capacity 18575K, committed 18688K, reserved 1048576K
GC Heap History (20 events):
Event: 832.437 GC heap after
{Heap after GC invocations=56 (full 0):
 garbage-first heap   total 235520K, used 179200K [0x0000000080000000, 0x0000000100000000)
  region size 1024K, 5 young (5120K), 5 survivors (5120K)
 Metaspace       used 137441K, capacity 141439K, committed 141568K, reserved 1171456K
  class space    used 17148K, capacity 18572K, committed 18688K, reserved 1048576K
}
Event: 832.438 GC heap before
{Heap before GC invocations=56 (full 0):
 garbage-first heap   total 235520K, used 179200K [0x0000000080000000, 0x0000000100000000)
  region size 1024K, 6 young (6144K), 5 survivors (5120K)
 Metaspace       used 137441K, capacity 141439K, committed 141568K, reserved 1171456K
  class space    used 17148K, capacity 18572K, committed 18688K, reserved 1048576K
}
Event: 832.450 GC heap after
{Heap after GC invocations=57 (full 0):
 garbage-first heap   total 235520K, used 180503K [0x0000000080000000, 0x0000000100000000)
  region size 1024K, 1 young (1024K), 1 survivors (1024K)
 Metaspace       used 137441K, capacity 141439K, committed 141568K, reserved 1171456K
  class space    used 17148K, capacity 18572K, committed 18688K, reserved 1048576K
}
Event: 832.526 GC heap before
{Heap before GC invocations=57 (full 0):
 garbage-first heap   total 235520K, used 194839K [0x0000000080000000, 0x0000000100000000)
  region size 1024K, 14 young (14336K), 1 survivors (1024K)
 Metaspace       used 137441K, capacity 141439K, committed 141568K, reserved 1171456K
  class space    used 17148K, capacity 18572K, committed 18688K, reserved 1048576K
}
Event: 832.536 GC heap after
{Heap after GC invocations=58 (full 0):
 garbage-first heap   total 235520K, used 186751K [0x0000000080000000, 0x0000000100000000)
  region size 1024K, 2 young (2048K), 2 survivors (2048K)
 Metaspace       used 137441K, capacity 141439K, committed 141568K, reserved 1171456K
  class space    used 17148K, capacity 18572K, committed 18688K, reserved 1048576K
}
Event: 832.617 GC heap before
{Heap before GC invocations=58 (full 0):
 garbage-first heap   total 235520K, used 196991K [0x0000000080000000, 0x0000000100000000)
  region size 1024K, 12 young (12288K), 2 survivors (2048K)
 Metaspace       used 137598K, capacity 141583K, committed 141824K, reserved 1173504K
  class space    used 17160K, capacity 18575K, committed 18688K, reserved 1048576K
}
Event: 832.627 GC heap after
{Heap after GC invocations=59 (full 0):
 garbage-first heap   total 235520K, used 190686K [0x0000000080000000, 0x0000000100000000)
  region size 1024K, 2 young (2048K), 2 survivors (2048K)
 Metaspace       used 137598K, capacity 141583K, committed 141824K, reserved 1173504K
  class space    used 17160K, capacity 18575K, committed 18688K, reserved 1048576K
}
Event: 832.685 GC heap before
{Heap before GC invocations=59 (full 0):
 garbage-first heap   total 235520K, used 199902K [0x0000000080000000, 0x0000000100000000)
  region size 1024K, 11 young (11264K), 2 survivors (2048K)
 Metaspace       used 137658K, capacity 141647K, committed 141824K, reserved 1173504K
  class space    used 17160K, capacity 18575K, committed 18688K, reserved 1048576K
}
Event: 832.695 GC heap after
{Heap after GC invocations=60 (full 0):
 garbage-first heap   total 235520K, used 195217K [0x0000000080000000, 0x0000000100000000)
  region size 1024K, 2 young (2048K), 2 survivors (2048K)
 Metaspace       used 137658K, capacity 141647K, committed 141824K, reserved 1173504K
  class space    used 17160K, capacity 18575K, committed 18688K, reserved 1048576K
}
Event: 832.800 GC heap before
{Heap before GC invocations=60 (full 0):
 garbage-first heap   total 235520K, used 204433K [0x0000000080000000, 0x0000000100000000)
  region size 1024K, 11 young (11264K), 2 survivors (2048K)
 Metaspace       used 137703K, capacity 141713K, committed 142080K, reserved 1173504K
  class space    used 17160K, capacity 18575K, committed 18688K, reserved 1048576K
}
Event: 832.809 GC heap after
{Heap after GC invocations=61 (full 0):
 garbage-first heap   total 235520K, used 199873K [0x0000000080000000, 0x0000000100000000)
  region size 1024K, 2 young (2048K), 2 survivors (2048K)
 Metaspace       used 137703K, capacity 141713K, committed 142080K, reserved 1173504K
  class space    used 17160K, capacity 18575K, committed 18688K, reserved 1048576K
}
Event: 832.882 GC heap before
{Heap before GC invocations=61 (full 0):
 garbage-first heap   total 235520K, used 208065K [0x0000000080000000, 0x0000000100000000)
  region size 1024K, 11 young (11264K), 2 survivors (2048K)
 Metaspace       used 137710K, capacity 141713K, committed 142080K, reserved 1173504K
  class space    used 17161K, capacity 18575K, committed 18688K, reserved 1048576K
}
Event: 832.892 GC heap after
{Heap after GC invocations=62 (full 0):
 garbage-first heap   total 235520K, used 203731K [0x0000000080000000, 0x0000000100000000)
  region size 1024K, 2 young (2048K), 2 survivors (2048K)
 Metaspace       used 137710K, capacity 141713K, committed 142080K, reserved 1173504K
  class space    used 17161K, capacity 18575K, committed 18688K, reserved 1048576K
}
Event: 832.930 GC heap before
{Heap before GC invocations=63 (full 0):
 garbage-first heap   total 235520K, used 212947K [0x0000000080000000, 0x0000000100000000)
  region size 1024K, 11 young (11264K), 2 survivors (2048K)
 Metaspace       used 137721K, capacity 141713K, committed 142080K, reserved 1173504K
  class space    used 17161K, capacity 18575K, committed 18688K, reserved 1048576K
}
Event: 832.938 GC heap after
{Heap after GC invocations=64 (full 0):
 garbage-first heap   total 235520K, used 208516K [0x0000000080000000, 0x0000000100000000)
  region size 1024K, 2 young (2048K), 2 survivors (2048K)
 Metaspace       used 137721K, capacity 141713K, committed 142080K, reserved 1173504K
  class space    used 17161K, capacity 18575K, committed 18688K, reserved 1048576K
}
Event: 832.969 GC heap before
{Heap before GC invocations=64 (full 0):
 garbage-first heap   total 235520K, used 217732K [0x0000000080000000, 0x0000000100000000)
  region size 1024K, 11 young (11264K), 2 survivors (2048K)
 Metaspace       used 137725K, capacity 141714K, committed 142080K, reserved 1173504K
  class space    used 17161K, capacity 18575K, committed 18688K, reserved 1048576K
}
Event: 832.981 GC heap after
{Heap after GC invocations=65 (full 0):
 garbage-first heap   total 235520K, used 209882K [0x0000000080000000, 0x0000000100000000)
  region size 1024K, 2 young (2048K), 2 survivors (2048K)
 Metaspace       used 137725K, capacity 141714K, committed 142080K, reserved 1173504K
  class space    used 17161K, capacity 18575K, committed 18688K, reserved 1048576K
}
Event: 833.012 GC heap before
{Heap before GC invocations=65 (full 0):
 garbage-first heap   total 235520K, used 218074K [0x0000000080000000, 0x0000000100000000)
  region size 1024K, 11 young (11264K), 2 survivors (2048K)
 Metaspace       used 137729K, capacity 141715K, committed 142080K, reserved 1173504K
  class space    used 17161K, capacity 18575K, committed 18688K, reserved 1048576K
}
Event: 833.026 GC heap after
{Heap after GC invocations=66 (full 0):
 garbage-first heap   total 235520K, used 215037K [0x0000000080000000, 0x0000000100000000)
  region size 1024K, 2 young (2048K), 2 survivors (2048K)
 Metaspace       used 137729K, capacity 141715K, committed 142080K, reserved 1173504K
  class space    used 17161K, capacity 18575K, committed 18688K, reserved 1048576K
}
Event: 833.068 GC heap before
{Heap before GC invocations=66 (full 0):
 garbage-first heap   total 235520K, used 224253K [0x0000000080000000, 0x0000000100000000)
  region size 1024K, 11 young (11264K), 2 survivors (2048K)
 Metaspace       used 137730K, capacity 141715K, committed 142080K, reserved 1173504K
  class space    used 17161K, capacity 18575K, committed 18688K, reserved 1048576K
}

